[debug] [2020-02-19T07:16:18.098Z] ----------------------------------------------------------------------
[debug] [2020-02-19T07:16:18.103Z] Command:       /usr/local/bin/node /Users/haramatsuryota/.nvm/versions/node/v8.3.0/bin/firebase deploy
[debug] [2020-02-19T07:16:18.103Z] CLI Version:   7.3.1
[debug] [2020-02-19T07:16:18.103Z] Platform:      darwin
[debug] [2020-02-19T07:16:18.103Z] Node Version:  v10.16.0
[debug] [2020-02-19T07:16:18.104Z] Time:          Wed Feb 19 2020 15:16:18 GMT+0800 (GMT+08:00)
[debug] [2020-02-19T07:16:18.104Z] ----------------------------------------------------------------------
[debug] 
[debug] [2020-02-19T07:16:18.113Z] > command requires scopes: ["email","openid","https://www.googleapis.com/auth/cloudplatformprojects.readonly","https://www.googleapis.com/auth/firebase","https://www.googleapis.com/auth/cloud-platform"]
[debug] [2020-02-19T07:16:18.113Z] > authorizing via signed-in user
[debug] [2020-02-19T07:16:18.113Z] [iam] checking project share-company-13b31 for permissions ["datastore.indexes.create","datastore.indexes.delete","datastore.indexes.list","datastore.indexes.update","firebase.projects.get","firebasedatabase.instances.update","firebasehosting.sites.update","firebaserules.releases.create","firebaserules.releases.update","firebaserules.rulesets.create"]
[debug] [2020-02-19T07:16:18.115Z] >>> HTTP REQUEST POST https://cloudresourcemanager.googleapis.com/v1/projects/share-company-13b31:testIamPermissions  

[debug] [2020-02-19T07:16:19.386Z] <<< HTTP RESPONSE 200
[debug] [2020-02-19T07:16:19.388Z] >>> HTTP REQUEST GET https://firebase.googleapis.com/v1beta1/projects/share-company-13b31  
 
[debug] [2020-02-19T07:16:20.246Z] <<< HTTP RESPONSE 200
[info] 
[info] === Deploying to 'share-company-13b31'...
[info] 
[info] i  deploying database, storage, firestore, hosting
[info] i  database: checking rules syntax...
[debug] [2020-02-19T07:16:20.255Z] >>> HTTP REQUEST PUT https://share-company-13b31.firebaseio.com/.settings/rules.json?dryRun=true  
 {
  /* Visit https://firebase.google.com/docs/database/security to learn more about security rules. */
  "rules": {
    ".read": false,
    ".write": false
  }
}
[debug] [2020-02-19T07:16:21.303Z] <<< HTTP RESPONSE 200
[info] ✔  database: rules syntax for database share-company-13b31 is valid
[debug] [2020-02-19T07:16:21.306Z] >>> HTTP REQUEST GET https://appengine.googleapis.com/v1/apps/share-company-13b31  
 
[debug] [2020-02-19T07:16:22.863Z] <<< HTTP RESPONSE 200
[info] i  storage: checking storage.rules for compilation errors...
[debug] [2020-02-19T07:16:22.865Z] >>> HTTP REQUEST POST https://firebaserules.googleapis.com/v1/projects/share-company-13b31:test  

[debug] [2020-02-19T07:16:23.305Z] <<< HTTP RESPONSE 200
[info] ✔  storage: rules file storage.rules compiled successfully
[info] i  firestore: checking firestore.rules for compilation errors...
[info] i  firestore: reading indexes from firestore.indexes.json...
[debug] [2020-02-19T07:16:23.310Z] >>> HTTP REQUEST POST https://firebaserules.googleapis.com/v1/projects/share-company-13b31:test  

[debug] [2020-02-19T07:16:24.706Z] <<< HTTP RESPONSE 200
[info] ✔  firestore: rules file firestore.rules compiled successfully
[debug] [2020-02-19T07:16:24.709Z] >>> HTTP REQUEST POST https://firebasehosting.googleapis.com/v1beta1/sites/share-company-13b31/versions  

[debug] [2020-02-19T07:16:26.551Z] <<< HTTP RESPONSE 200
[info] i  storage: uploading rules storage.rules...
[debug] [2020-02-19T07:16:26.554Z] >>> HTTP REQUEST POST https://firebaserules.googleapis.com/v1/projects/share-company-13b31/rulesets  

[debug] [2020-02-19T07:16:27.983Z] <<< HTTP RESPONSE 200
[debug] [2020-02-19T07:16:27.984Z] [rules] created ruleset projects/share-company-13b31/rulesets/1192c8b7-966f-4be8-8d7b-82c9c53a8208
[info] i  firestore: uploading rules firestore.rules...
[debug] [2020-02-19T07:16:27.986Z] >>> HTTP REQUEST POST https://firebaserules.googleapis.com/v1/projects/share-company-13b31/rulesets  

[debug] [2020-02-19T07:16:27.986Z] >>> HTTP REQUEST GET https://firestore.googleapis.com/v1beta2/projects/share-company-13b31/databases/(default)/collectionGroups/-/indexes  
 
[debug] [2020-02-19T07:16:28.762Z] <<< HTTP RESPONSE 200
[debug] [2020-02-19T07:16:28.763Z] >>> HTTP REQUEST GET https://firestore.googleapis.com/v1beta2/projects/share-company-13b31/databases/(default)/collectionGroups/-/fields?filter=indexConfig.usesAncestorConfig=false  
 
[debug] [2020-02-19T07:16:29.316Z] <<< HTTP RESPONSE 200
[debug] [2020-02-19T07:16:29.317Z] [rules] created ruleset projects/share-company-13b31/rulesets/03a3ea9d-f892-4fd0-855c-41273f25a38e
[debug] [2020-02-19T07:16:29.744Z] <<< HTTP RESPONSE 200
[info] ✔  firestore: deployed indexes in firestore.indexes.json successfully
[info] i  hosting[share-company-13b31]: beginning deploy...
[info] i  hosting[share-company-13b31]: found 3 files in public
[debug] [2020-02-19T07:16:29.757Z] [hosting] hash cache [cHVibGlj] load error: lines is not defined
[debug] [2020-02-19T07:16:29.772Z] [hosting] hash cache [cHVibGlj] stored for 3 files
[debug] [2020-02-19T07:16:29.772Z] [hosting][hash queue][FINAL]
[debug] [2020-02-19T07:16:29.773Z] >>> HTTP REQUEST POST https://firebasehosting.googleapis.com/v1beta1/sites/share-company-13b31/versions/cc15b1a995c97648:populateFiles  
 <request body omitted>
[debug] [2020-02-19T07:16:31.324Z] <<< HTTP RESPONSE 200
[debug] [2020-02-19T07:16:31.325Z] [hosting][populate queue][FINAL]
[debug] [2020-02-19T07:16:31.325Z] [hosting] uploads queued: 0
[debug] [2020-02-19T07:16:31.325Z] [hosting][upload queue][FINAL]
[info] ✔  hosting[share-company-13b31]: file upload complete
[debug] [2020-02-19T07:16:31.327Z] [hosting] deploy completed after 1581ms
[info] i  database: releasing rules...
[debug] [2020-02-19T07:16:31.620Z] >>> HTTP REQUEST PUT https://share-company-13b31.firebaseio.com/.settings/rules.json  
 {
  /* Visit https://firebase.google.com/docs/database/security to learn more about security rules. */
  "rules": {
    ".read": false,
    ".write": false
  }
}
[debug] [2020-02-19T07:16:32.470Z] <<< HTTP RESPONSE 200
[info] ✔  database: rules for database share-company-13b31 released successfully
[debug] [2020-02-19T07:16:32.472Z] [rules] releasing firebase.storage/share-company-13b31.appspot.com with ruleset projects/share-company-13b31/rulesets/1192c8b7-966f-4be8-8d7b-82c9c53a8208
[debug] [2020-02-19T07:16:32.473Z] >>> HTTP REQUEST PATCH https://firebaserules.googleapis.com/v1/projects/share-company-13b31/releases/firebase.storage/share-company-13b31.appspot.com  

[debug] [2020-02-19T07:16:33.831Z] <<< HTTP RESPONSE 200
[debug] [2020-02-19T07:16:33.831Z] [rules] updated release projects/share-company-13b31/releases/firebase.storage/share-company-13b31.appspot.com
[info] ✔  storage: released rules storage.rules to firebase.storage/share-company-13b31.appspot.com
[debug] [2020-02-19T07:16:33.832Z] [rules] releasing cloud.firestore with ruleset projects/share-company-13b31/rulesets/03a3ea9d-f892-4fd0-855c-41273f25a38e
[debug] [2020-02-19T07:16:33.833Z] >>> HTTP REQUEST PATCH https://firebaserules.googleapis.com/v1/projects/share-company-13b31/releases/cloud.firestore  

[debug] [2020-02-19T07:16:35.156Z] <<< HTTP RESPONSE 200
[debug] [2020-02-19T07:16:35.157Z] [rules] updated release projects/share-company-13b31/releases/cloud.firestore
[info] ✔  firestore: released rules firestore.rules to cloud.firestore
[debug] [2020-02-19T07:16:35.158Z] [
  {
    "config": {
      "public": "public",
      "ignore": [
        "firebase.json",
        "**/.*",
        "**/node_modules/**"
      ],
      "site": "share-company-13b31"
    },
    "site": "share-company-13b31",
    "version": "sites/share-company-13b31/versions/cc15b1a995c97648"
  }
]
[info] i  hosting[share-company-13b31]: finalizing version...
[debug] [2020-02-19T07:16:35.159Z] >>> HTTP REQUEST PATCH https://firebasehosting.googleapis.com/v1beta1/sites/share-company-13b31/versions/cc15b1a995c97648?updateMask=status  

[debug] [2020-02-19T07:16:35.184Z] Error: write EPROTO 4400838080:error:1408F10B:SSL routines:ssl3_get_record:wrong version number:../deps/openssl/openssl/ssl/record/ssl3_record.c:332:

    at WriteWrap.afterWrite [as oncomplete] (net.js:788:14)
[error] 
[error] Error: Server Error. write EPROTO 4400838080:error:1408F10B:SSL routines:ssl3_get_record:wrong version number:../deps/openssl/openssl/ssl/record/ssl3_record.c:332:

